<?xml version="1.0" encoding="UTF-8"?>
<testsuite name="MathUtilsTest" tests="4" skipped="0" failures="0" errors="0" timestamp="2024-02-05T08:26:18" hostname="L-BZW42J3" time="0.034">
  <properties/>
  <testcase name="testAdd()" classname="MathUtilsTest" time="0.023"/>
  <testcase name="testSubtract()" classname="MathUtilsTest" time="0.001"/>
  <testcase name="testDivide()" classname="MathUtilsTest" time="0.003"/>
  <testcase name="testMultiply()" classname="MathUtilsTest" time="0.002"/>
  <system-out><![CDATA[]]></system-out>
  <system-err><![CDATA[]]></system-err>
</testsuite>
